<?xml version="1.0" encoding="UTF-8"?>
<testng-results skipped="0" failed="0" ignored="0" total="1" passed="1">
  <reporter-output>
  </reporter-output>
  <suite name="webdriverMaven.LoginTest" duration-ms="3705" started-at="2019-09-13T01:30:44Z" finished-at="2019-09-13T01:30:48Z">
    <groups>
    </groups>
    <test name="Command line test" duration-ms="3705" started-at="2019-09-13T01:30:44Z" finished-at="2019-09-13T01:30:48Z">
      <class name="webdriverMaven.LoginTest">
        <test-method status="PASS" signature="setup()[pri:0, instance:webdriverMaven.LoginTest@566776ad]" name="setup" is-config="true" duration-ms="8441" started-at="2019-09-13T01:30:36Z" finished-at="2019-09-13T01:30:44Z">
          <reporter-output>
          </reporter-output>
        </test-method> <!-- setup -->
        <test-method status="PASS" signature="doLogin()[pri:0, instance:webdriverMaven.LoginTest@566776ad]" name="doLogin" duration-ms="3682" started-at="2019-09-13T01:30:44Z" finished-at="2019-09-13T01:30:48Z">
          <reporter-output>
          </reporter-output>
        </test-method> <!-- doLogin -->
        <test-method status="PASS" signature="tearDown()[pri:0, instance:webdriverMaven.LoginTest@566776ad]" name="tearDown" is-config="true" duration-ms="9237" started-at="2019-09-13T01:30:48Z" finished-at="2019-09-13T01:30:57Z">
          <reporter-output>
          </reporter-output>
        </test-method> <!-- tearDown -->
      </class> <!-- webdriverMaven.LoginTest -->
    </test> <!-- Command line test -->
  </suite> <!-- webdriverMaven.LoginTest -->
</testng-results>
