<?xml version="1.0" encoding="UTF-8"?>
<testng-results skipped="0" failed="0" ignored="0" total="1" passed="1">
  <reporter-output>
  </reporter-output>
  <suite name="Default suite" duration-ms="3116" started-at="2019-09-13T01:27:09Z" finished-at="2019-09-13T01:27:12Z">
    <groups>
    </groups>
    <test name="Default test" duration-ms="3116" started-at="2019-09-13T01:27:09Z" finished-at="2019-09-13T01:27:12Z">
      <class name="webdriverMaven.LoginTest">
        <test-method status="PASS" signature="setup()[pri:0, instance:webdriverMaven.LoginTest@224edc67]" name="setup" is-config="true" duration-ms="9032" started-at="2019-09-13T01:27:00Z" finished-at="2019-09-13T01:27:09Z">
          <reporter-output>
          </reporter-output>
        </test-method> <!-- setup -->
        <test-method status="PASS" signature="doLogin()[pri:0, instance:webdriverMaven.LoginTest@224edc67]" name="doLogin" duration-ms="3079" started-at="2019-09-13T01:27:09Z" finished-at="2019-09-13T01:27:12Z">
          <reporter-output>
          </reporter-output>
        </test-method> <!-- doLogin -->
        <test-method status="PASS" signature="tearDown()[pri:0, instance:webdriverMaven.LoginTest@224edc67]" name="tearDown" is-config="true" duration-ms="8730" started-at="2019-09-13T01:27:12Z" finished-at="2019-09-13T01:27:21Z">
          <reporter-output>
          </reporter-output>
        </test-method> <!-- tearDown -->
      </class> <!-- webdriverMaven.LoginTest -->
    </test> <!-- Default test -->
  </suite> <!-- Default suite -->
</testng-results>
